This is pdfTeX, Version 3.14159265-2.6-1.40.19 (TeX Live 2018/Arch Linux) (preloaded format=pdflatex 2019.2.18)  6 MAR 2019 13:52
entering extended mode
 restricted \write18 enabled.
 %&-line parsing enabled.
**notes.tex
(./notes.tex
LaTeX2e <2018-12-01>
(./preamble.tex (/usr/share/texmf-dist/tex/latex/base/article.cls
Document Class: article 2018/09/03 v1.4i Standard LaTeX document class
(/usr/share/texmf-dist/tex/latex/base/size11.clo
File: size11.clo 2018/09/03 v1.4i Standard LaTeX file (size option)
)
\c@part=\count80
\c@section=\count81
\c@subsection=\count82
\c@subsubsection=\count83
\c@paragraph=\count84
\c@subparagraph=\count85
\c@figure=\count86
\c@table=\count87
\abovecaptionskip=\skip41
\belowcaptionskip=\skip42
\bibindent=\dimen102
)
(/usr/share/texmf-dist/tex/latex/amscls/amsthm.sty
Package: amsthm 2017/10/31 v2.20.4
\thm@style=\toks14
\thm@bodyfont=\toks15
\thm@headfont=\toks16
\thm@notefont=\toks17
\thm@headpunct=\toks18
\thm@preskip=\skip43
\thm@postskip=\skip44
\thm@headsep=\skip45
\dth@everypar=\toks19
)
(/usr/share/texmf-dist/tex/latex/amsfonts/amssymb.sty
Package: amssymb 2013/01/14 v3.01 AMS font symbols

(/usr/share/texmf-dist/tex/latex/amsfonts/amsfonts.sty
Package: amsfonts 2013/01/14 v3.01 Basic AMSFonts support
\@emptytoks=\toks20
\symAMSa=\mathgroup4
\symAMSb=\mathgroup5
LaTeX Font Info:    Overwriting math alphabet `\mathfrak' in version `bold'
(Font)                  U/euf/m/n --> U/euf/b/n on input line 106.
))
(/usr/share/texmf-dist/tex/latex/amsmath/amsmath.sty
Package: amsmath 2018/12/01 v2.17b AMS math features
\@mathmargin=\skip46

For additional information on amsmath, use the `?' option.
(/usr/share/texmf-dist/tex/latex/amsmath/amstext.sty
Package: amstext 2000/06/29 v2.01 AMS text

(/usr/share/texmf-dist/tex/latex/amsmath/amsgen.sty
File: amsgen.sty 1999/11/30 v2.0 generic functions
\@emptytoks=\toks21
\ex@=\dimen103
))
(/usr/share/texmf-dist/tex/latex/amsmath/amsbsy.sty
Package: amsbsy 1999/11/29 v1.2d Bold Symbols
\pmbraise@=\dimen104
)
(/usr/share/texmf-dist/tex/latex/amsmath/amsopn.sty
Package: amsopn 2016/03/08 v2.02 operator names
)
\inf@bad=\count88
LaTeX Info: Redefining \frac on input line 223.
\uproot@=\count89
\leftroot@=\count90
LaTeX Info: Redefining \overline on input line 385.
\classnum@=\count91
\DOTSCASE@=\count92
LaTeX Info: Redefining \ldots on input line 482.
LaTeX Info: Redefining \dots on input line 485.
LaTeX Info: Redefining \cdots on input line 606.
\Mathstrutbox@=\box27
\strutbox@=\box28
\big@size=\dimen105
LaTeX Font Info:    Redeclaring font encoding OML on input line 729.
LaTeX Font Info:    Redeclaring font encoding OMS on input line 730.
\macc@depth=\count93
\c@MaxMatrixCols=\count94
\dotsspace@=\muskip10
\c@parentequation=\count95
\dspbrk@lvl=\count96
\tag@help=\toks22
\row@=\count97
\column@=\count98
\maxfields@=\count99
\andhelp@=\toks23
\eqnshift@=\dimen106
\alignsep@=\dimen107
\tagshift@=\dimen108
\tagwidth@=\dimen109
\totwidth@=\dimen110
\lineht@=\dimen111
\@envbody=\toks24
\multlinegap=\skip47
\multlinetaggap=\skip48
\mathdisplay@stack=\toks25
LaTeX Info: Redefining \[ on input line 2844.
LaTeX Info: Redefining \] on input line 2845.
)
(/usr/share/texmf-dist/tex/latex/listings/listings.sty
(/usr/share/texmf-dist/tex/latex/graphics/keyval.sty
Package: keyval 2014/10/28 v1.15 key=value parser (DPC)
\KV@toks@=\toks26
)
\lst@mode=\count100
\lst@gtempboxa=\box29
\lst@token=\toks27
\lst@length=\count101
\lst@currlwidth=\dimen112
\lst@column=\count102
\lst@pos=\count103
\lst@lostspace=\dimen113
\lst@width=\dimen114
\lst@newlines=\count104
\lst@lineno=\count105
\lst@maxwidth=\dimen115

(/usr/share/texmf-dist/tex/latex/listings/lstmisc.sty
File: lstmisc.sty 2018/09/02 1.7 (Carsten Heinz)
\c@lstnumber=\count106
\lst@skipnumbers=\count107
\lst@framebox=\box30
)
(/usr/share/texmf-dist/tex/latex/listings/listings.cfg
File: listings.cfg 2018/09/02 1.7 listings configuration
))
Package: listings 2018/09/02 1.7 (Carsten Heinz)

(/usr/share/texmf-dist/tex/latex/enumitem/enumitem.sty
Package: enumitem 2019/02/04 v3.8 Customized lists
\labelindent=\skip49
\enit@outerparindent=\dimen116
\enit@toks=\toks28
\enit@inbox=\box31
\enit@count@id=\count108
\enitdp@description=\count109
)
(/usr/share/texmf-dist/tex/latex/graphics/graphicx.sty
Package: graphicx 2017/06/01 v1.1a Enhanced LaTeX Graphics (DPC,SPQR)

(/usr/share/texmf-dist/tex/latex/graphics/graphics.sty
Package: graphics 2017/06/25 v1.2c Standard LaTeX Graphics (DPC,SPQR)

(/usr/share/texmf-dist/tex/latex/graphics/trig.sty
Package: trig 2016/01/03 v1.10 sin cos tan (DPC)
)
(/usr/share/texmf-dist/tex/latex/graphics-cfg/graphics.cfg
File: graphics.cfg 2016/06/04 v1.11 sample graphics configuration
)
Package graphics Info: Driver file: pdftex.def on input line 99.

(/usr/share/texmf-dist/tex/latex/graphics-def/pdftex.def
File: pdftex.def 2018/01/08 v1.0l Graphics/color driver for pdftex
))
\Gin@req@height=\dimen117
\Gin@req@width=\dimen118
)
(/usr/share/texmf-dist/tex/latex/faktor/faktor.sty
Package: faktor 2006/04/05 v0.1b Faktor-Ringe, -Gruppen, -Raeume (PE)
\faktor@zaehlerhoehe=\skip50
\faktor@nennerhoehe=\skip51
)
(/usr/share/texmf-dist/tex/latex/base/inputenc.sty
Package: inputenc 2018/08/11 v1.3c Input encoding file
\inpenc@prehook=\toks29
\inpenc@posthook=\toks30
)
(/usr/share/texmf-dist/tex/latex/base/fontenc.sty
Package: fontenc 2018/08/11 v2.0j Standard LaTeX package

(/usr/share/texmf-dist/tex/latex/base/t1enc.def
File: t1enc.def 2018/08/11 v2.0j Standard LaTeX file
LaTeX Font Info:    Redeclaring font encoding T1 on input line 48.
))
(/usr/share/texmf-dist/tex/generic/babel/babel.sty
Package: babel 2018/11/13 3.27 The Babel package

(/usr/share/texmf-dist/tex/generic/babel/switch.def
File: switch.def 2018/11/13 3.27 Babel switching mechanism
)
(/usr/share/texmf-dist/tex/generic/babel-english/english.ldf
Language: english 2017/06/06 v3.3r English support from the babel system

(/usr/share/texmf-dist/tex/generic/babel/babel.def
File: babel.def 2018/11/13 3.27 Babel common definitions
\babel@savecnt=\count110
\U@D=\dimen119

(/usr/share/texmf-dist/tex/generic/babel/txtbabel.def)
\bbl@dirlevel=\count111
)
\l@canadian = a dialect from \language\l@american 
\l@australian = a dialect from \language\l@british 
\l@newzealand = a dialect from \language\l@british 
))
(/usr/share/texmf-dist/tex/latex/fancyhdr/fancyhdr.sty
Package: fancyhdr 2019/01/31 v3.10 Extensive control of page headers and footer
s
\f@nch@headwidth=\skip52
\f@nch@O@elh=\skip53
\f@nch@O@erh=\skip54
\f@nch@O@olh=\skip55
\f@nch@O@orh=\skip56
\f@nch@O@elf=\skip57
\f@nch@O@erf=\skip58
\f@nch@O@olf=\skip59
\f@nch@O@orf=\skip60
)
\c@theorem=\count112
\c@corollary=\count113
\c@definition=\count114
\c@example=\count115
) (./notes.aux)
\openout1 = `notes.aux'.

LaTeX Font Info:    Checking defaults for OML/cmm/m/it on input line 3.
LaTeX Font Info:    ... okay on input line 3.
LaTeX Font Info:    Checking defaults for T1/cmr/m/n on input line 3.
LaTeX Font Info:    ... okay on input line 3.
LaTeX Font Info:    Checking defaults for OT1/cmr/m/n on input line 3.
LaTeX Font Info:    ... okay on input line 3.
LaTeX Font Info:    Checking defaults for OMS/cmsy/m/n on input line 3.
LaTeX Font Info:    ... okay on input line 3.
LaTeX Font Info:    Checking defaults for OMX/cmex/m/n on input line 3.
LaTeX Font Info:    ... okay on input line 3.
LaTeX Font Info:    Checking defaults for U/cmr/m/n on input line 3.
LaTeX Font Info:    ... okay on input line 3.
LaTeX Font Info:    Try loading font information for T1+cmss on input line 3.

(/usr/share/texmf-dist/tex/latex/base/t1cmss.fd
File: t1cmss.fd 2014/09/29 v2.5h Standard LaTeX font definitions
)
\c@lstlisting=\count116

(/usr/share/texmf-dist/tex/context/base/mkii/supp-pdf.mkii
[Loading MPS to PDF converter (version 2006.09.02).]
\scratchcounter=\count117
\scratchdimen=\dimen120
\scratchbox=\box32
\nofMPsegments=\count118
\nofMParguments=\count119
\everyMPshowfont=\toks31
\MPscratchCnt=\count120
\MPscratchDim=\dimen121
\MPnumerator=\count121
\makeMPintoPDFobject=\count122
\everyMPtoPDFconversion=\toks32
) (/usr/share/texmf-dist/tex/latex/oberdiek/epstopdf-base.sty
Package: epstopdf-base 2016/05/15 v2.6 Base part for package epstopdf

(/usr/share/texmf-dist/tex/generic/oberdiek/infwarerr.sty
Package: infwarerr 2016/05/16 v1.4 Providing info/warning/error messages (HO)
)
(/usr/share/texmf-dist/tex/latex/oberdiek/grfext.sty
Package: grfext 2016/05/16 v1.2 Manage graphics extensions (HO)

(/usr/share/texmf-dist/tex/generic/oberdiek/kvdefinekeys.sty
Package: kvdefinekeys 2016/05/16 v1.4 Define keys (HO)

(/usr/share/texmf-dist/tex/generic/oberdiek/ltxcmds.sty
Package: ltxcmds 2016/05/16 v1.23 LaTeX kernel commands for general use (HO)
)))
(/usr/share/texmf-dist/tex/latex/oberdiek/kvoptions.sty
Package: kvoptions 2016/05/16 v3.12 Key value format for package options (HO)

(/usr/share/texmf-dist/tex/generic/oberdiek/kvsetkeys.sty
Package: kvsetkeys 2016/05/16 v1.17 Key value parser (HO)

(/usr/share/texmf-dist/tex/generic/oberdiek/etexcmds.sty
Package: etexcmds 2016/05/16 v1.6 Avoid name clashes with e-TeX commands (HO)

(/usr/share/texmf-dist/tex/generic/oberdiek/ifluatex.sty
Package: ifluatex 2016/05/16 v1.4 Provides the ifluatex switch (HO)
Package ifluatex Info: LuaTeX not detected.
)
Package etexcmds Info: Could not find \expanded.
(etexcmds)             That can mean that you are not using pdfTeX 1.50 or
(etexcmds)             that some package has redefined \expanded.
(etexcmds)             In the latter case, load this package earlier.
)))
(/usr/share/texmf-dist/tex/generic/oberdiek/pdftexcmds.sty
Package: pdftexcmds 2018/09/10 v0.29 Utility functions of pdfTeX for LuaTeX (HO
)

(/usr/share/texmf-dist/tex/generic/oberdiek/ifpdf.sty
Package: ifpdf 2018/09/07 v3.3 Provides the ifpdf switch
)
Package pdftexcmds Info: LuaTeX not detected.
Package pdftexcmds Info: \pdf@primitive is available.
Package pdftexcmds Info: \pdf@ifprimitive is available.
Package pdftexcmds Info: \pdfdraftmode found.
)
Package epstopdf-base Info: Redefining graphics rule for `.eps' on input line 4
38.
Package grfext Info: Graphics extension search list:
(grfext)             [.pdf,.png,.jpg,.mps,.jpeg,.jbig2,.jb2,.PDF,.PNG,.JPG,.JPE
G,.JBIG2,.JB2,.eps]
(grfext)             \AppendGraphicsExtensions on input line 456.

(/usr/share/texmf-dist/tex/latex/latexconfig/epstopdf-sys.cfg
File: epstopdf-sys.cfg 2010/07/13 v1.3 Configuration of (r)epstopdf for TeX Liv
e
))
(./tex/day_1.tex
LaTeX Font Info:    Try loading font information for OMS+cmss on input line 5.
LaTeX Font Info:    No file OMScmss.fd. on input line 5.


LaTeX Font Warning: Font shape `OMS/cmss/m/n' undefined
(Font)              using `OMS/cmsy/m/n' instead
(Font)              for symbol `textbullet' on input line 5.

LaTeX Font Info:    Try loading font information for U+msa on input line 11.
(/usr/share/texmf-dist/tex/latex/amsfonts/umsa.fd
File: umsa.fd 2013/01/14 v3.01 AMS symbols A
)
LaTeX Font Info:    Try loading font information for U+msb on input line 11.

(/usr/share/texmf-dist/tex/latex/amsfonts/umsb.fd
File: umsb.fd 2013/01/14 v3.01 AMS symbols B
)
Underfull \hbox (badness 10000) in paragraph at lines 15--18

 []


Underfull \hbox (badness 10000) in paragraph at lines 24--25

 []


Package Fancyhdr Warning: \headheight is too small (12.0pt): 
Make it at least 23.11996pt.
We now make it that large for the rest of the document.
This may cause the page layout to be inconsistent, however.

[1{/var/lib/texmf/fonts/map/pdftex/updmap/pdftex.map}

]) (./tex/day_2.tex
[2]
<images/homotopy_class_2.png, id=22, 242.8272pt x 235.6002pt>
File: images/homotopy_class_2.png Graphic file (type png)
<use images/homotopy_class_2.png>
Package pdftex.def Info: images/homotopy_class_2.png  used on input line 31.
(pdftex.def)             Requested size: 242.8266pt x 235.59961pt.

Underfull \hbox (badness 10000) in paragraph at lines 28--34

 []


! LaTeX Error: Something's wrong--perhaps a missing \item.

See the LaTeX manual or LaTeX Companion for explanation.
Type  H <return>  for immediate help.
 ...                                              
                                                  
l.60                 \begin{center}
                                   
Try typing  <return>  to proceed.
If that doesn't work, type  X <return>  to quit.

<images/homotopy_class.png, id=24, 245.718pt x 224.037pt>
File: images/homotopy_class.png Graphic file (type png)
<use images/homotopy_class.png>
Package pdftex.def Info: images/homotopy_class.png  used on input line 61.
(pdftex.def)             Requested size: 245.71739pt x 224.03644pt.

Underfull \hbox (badness 10000) in paragraph at lines 58--67

 []

[3 <./images/homotopy_class_2.png>] [4 <./images/homotopy_class.png>])
(./tex/day_3.tex
<images/concatenation.png, id=33, 573.8238pt x 225.4824pt>
File: images/concatenation.png Graphic file (type png)
<use images/concatenation.png>
Package pdftex.def Info: images/concatenation.png  used on input line 36.
(pdftex.def)             Requested size: 469.75499pt x 184.59055pt.
 [5]
Underfull \hbox (badness 10000) in paragraph at lines 40--41

 []

<images/gluing_lemma_2.png, id=38, 237.7683pt x 102.6234pt>
File: images/gluing_lemma_2.png Graphic file (type png)
<use images/gluing_lemma_2.png>
Package pdftex.def Info: images/gluing_lemma_2.png  used on input line 50.
(pdftex.def)             Requested size: 237.7677pt x 102.62314pt.
<images/gluing_lemma.png, id=39, 361.35pt x 132.2541pt>
File: images/gluing_lemma.png Graphic file (type png)
<use images/gluing_lemma.png>
Package pdftex.def Info: images/gluing_lemma.png  used on input line 61.
(pdftex.def)             Requested size: 361.34912pt x 132.25377pt.

Underfull \hbox (badness 10000) in paragraph at lines 57--65

 []

[6 <./images/concatenation.png> <./images/gluing_lemma_2.png> <./images/gluing_
lemma.png>]
Underfull \hbox (badness 10000) in paragraph at lines 71--73

 []

<images/homotopy_class_concat.png, id=46, 407.6028pt x 215.3646pt>
File: images/homotopy_class_concat.png Graphic file (type png)
<use images/homotopy_class_concat.png>
Package pdftex.def Info: images/homotopy_class_concat.png  used on input line 1
13.
(pdftex.def)             Requested size: 442.37993pt x 233.74374pt.
<images/homotopy_class_concat_2.png, id=47, 336.7782pt x 186.4566pt>
File: images/homotopy_class_concat_2.png Graphic file (type png)
<use images/homotopy_class_concat_2.png>
Package pdftex.def Info: images/homotopy_class_concat_2.png  used on input line
 118.
(pdftex.def)             Requested size: 442.37993pt x 244.93991pt.
[7] [8 <./images/homotopy_class_concat.png> <./images/homotopy_class_concat_2.p
ng>]) (./tex/day_4.tex
<images/association.png, id=57, 320.1561pt x 171.2799pt>
File: images/association.png Graphic file (type png)
<use images/association.png>
Package pdftex.def Info: images/association.png  used on input line 24.
(pdftex.def)             Requested size: 320.1553pt x 171.27948pt.
<images/association_2.png, id=58, 310.0383pt x 181.3977pt>
File: images/association_2.png Graphic file (type png)
<use images/association_2.png>
Package pdftex.def Info: images/association_2.png  used on input line 29.
(pdftex.def)             Requested size: 310.03754pt x 181.39725pt.
 [9]
<images/path_identity.png, id=62, 179.9523pt x 133.6995pt>
File: images/path_identity.png Graphic file (type png)
<use images/path_identity.png>
Package pdftex.def Info: images/path_identity.png  used on input line 43.
(pdftex.def)             Requested size: 179.95184pt x 133.69916pt.
 [10 <./images/association.png> <./images/association_2.png> <./images/path_ide
ntity.png>]
<images/path_inverse.png, id=69, 179.2296pt x 114.1866pt>
File: images/path_inverse.png Graphic file (type png)
<use images/path_inverse.png>
Package pdftex.def Info: images/path_inverse.png  used on input line 60.
(pdftex.def)             Requested size: 179.22914pt x 114.18631pt.

Underfull \hbox (badness 10000) in paragraph at lines 57--67

 []


! LaTeX Error: Something's wrong--perhaps a missing \item.

See the LaTeX manual or LaTeX Companion for explanation.
Type  H <return>  for immediate help.
 ...                                              
                                                  
l.71         \item L
                    et,
Try typing  <return>  to proceed.
If that doesn't work, type  X <return>  to quit.


! LaTeX Error: Something's wrong--perhaps a missing \item.

See the LaTeX manual or LaTeX Companion for explanation.
Type  H <return>  for immediate help.
 ...                                              
                                                  
l.71         \item L
                    et,
Try typing  <return>  to proceed.
If that doesn't work, type  X <return>  to quit.


! LaTeX Error: Something's wrong--perhaps a missing \item.

See the LaTeX manual or LaTeX Companion for explanation.
Type  H <return>  for immediate help.
 ...                                              
                                                  
l.71         \item L
                    et,
Try typing  <return>  to proceed.
If that doesn't work, type  X <return>  to quit.


! LaTeX Error: Something's wrong--perhaps a missing \item.

See the LaTeX manual or LaTeX Companion for explanation.
Type  H <return>  for immediate help.
 ...                                              
                                                  
l.76             \begin{definition} A
                                      \underline{loop} in $X$ based at $x\in...

Try typing  <return>  to proceed.
If that doesn't work, type  X <return>  to quit.


! LaTeX Error: Something's wrong--perhaps a missing \item.

See the LaTeX manual or LaTeX Companion for explanation.
Type  H <return>  for immediate help.
 ...                                              
                                                  
l.76             \begin{definition} A
                                      \underline{loop} in $X$ based at $x\in...

Try typing  <return>  to proceed.
If that doesn't work, type  X <return>  to quit.


! LaTeX Error: Something's wrong--perhaps a missing \item.

See the LaTeX manual or LaTeX Companion for explanation.
Type  H <return>  for immediate help.
 ...                                              
                                                  
l.76             \begin{definition} A
                                      \underline{loop} in $X$ based at $x\in...

Try typing  <return>  to proceed.
If that doesn't work, type  X <return>  to quit.


! LaTeX Error: Something's wrong--perhaps a missing \item.

See the LaTeX manual or LaTeX Companion for explanation.
Type  H <return>  for immediate help.
 ...                                              
                                                  
l.82             \end{definition}
                                 
Try typing  <return>  to proceed.
If that doesn't work, type  X <return>  to quit.

<images/loops.png, id=70, 155.3805pt x 97.5645pt>
File: images/loops.png Graphic file (type png)
<use images/loops.png>
Package pdftex.def Info: images/loops.png  used on input line 85.
(pdftex.def)             Requested size: 155.3801pt x 97.56424pt.

Underfull \hbox (badness 10000) in paragraph at lines 95--97

 []

[11 <./images/path_inverse.png> <./images/loops.png>]
Underfull \hbox (badness 10000) in paragraph at lines 102--105

 []


Underfull \hbox (badness 10000) in paragraph at lines 105--112

 []

) (./tex/day_5.tex [12]) (./tex/day_6.tex
Underfull \hbox (badness 10000) in paragraph at lines 13--15

 []

[13]) (./tex/day_7.tex [14]) (./tex/day_8.tex [15]) (./tex/day_9.tex)
(./tex/day_10.tex
Underfull \hbox (badness 10000) in paragraph at lines 26--28

 []

[16]
Underfull \hbox (badness 10000) in paragraph at lines 46--54

 []


Underfull \hbox (badness 10000) in paragraph at lines 56--58

 []

[17]
Underfull \hbox (badness 10000) in paragraph at lines 85--87

 []

) (./tex/day_11.tex [18] [19]
! Extra }, or forgotten \endgroup.
l.97     \subsubsection{Homotopy of Maps:}}
                                           
I've deleted a group-closing symbol because it seems to be
spurious, as in `$x}$'. But perhaps the } is legitimate and
you forgot something else, as in `\hbox{$x}'. In such cases
the way to recover is to insert both the forgotten and the
deleted material, e.g., by typing `I$}'.

[20]) (./tex/day_12.tex
Overfull \hbox (9.78365pt too wide) in paragraph at lines 25--28
[]$[]$ \T1/cmss/m/n/10.95 If there ex-ists a ho-mo-topy from $\OML/cmm/m/it/10.
95 f$ \T1/cmss/m/n/10.95 to $\OML/cmm/m/it/10.95 g$\T1/cmss/m/n/10.95 , we'll s
ay that $[]$
 []


Underfull \hbox (badness 10000) in paragraph at lines 25--28

 []

[21] [22]) (./tex/day_13.tex
Overfull \hbox (37.61856pt too wide) in paragraph at lines 7--12
\T1/cmss/m/n/10.95 be a con-tin-u-ous func-tion such that $\OML/cmm/m/it/10.95 
f\OT1/cmr/m/n/10.95 (\OML/cmm/m/it/10.95 x[]\OT1/cmr/m/n/10.95 ) = \OML/cmm/m/i
t/10.95 g\OT1/cmr/m/n/10.95 (\OML/cmm/m/it/10.95 x[]\OT1/cmr/m/n/10.95 ) = \OML
/cmm/m/it/10.95 y[]$\T1/cmss/m/n/10.95 . Sup-pose that $\OML/cmm/m/it/10.95 f$ 
\T1/cmss/m/n/10.95 and $\OML/cmm/m/it/10.95 g$ \T1/cmss/m/n/10.95 are $[]$. 
 []

[23] [24]
Overfull \hbox (11.9253pt too wide) in paragraph at lines 65--67
\T1/cmss/m/n/10.95 In this sit-u-a-tion, we say that $\OML/cmm/m/it/10.95 A$ \T
1/cmss/m/n/10.95 is a $[]$ of $\OML/cmm/m/it/10.95 X$ \T1/cmss/m/n/10.95 or tha
t $\OML/cmm/m/it/10.95 H$ \T1/cmss/m/n/10.95 is a $[]$
 []

[25]

! LaTeX Error: \begin{itemize} on input line 3 ended by \end{enumerate}.

See the LaTeX manual or LaTeX Companion for explanation.
Type  H <return>  for immediate help.
 ...                                              
                                                  
l.136 \end{enumerate}
                     
Your command was ignored.
Type  I <command> <return>  to replace it with another command,
or  <return>  to continue without it.

) (./tex/day_14.tex [26] [27]

! LaTeX Error: \begin{itemize} on input line 54 ended by \end{enumerate}.

See the LaTeX manual or LaTeX Companion for explanation.
Type  H <return>  for immediate help.
 ...                                              
                                                  
l.81 \end{enumerate}
                    
Your command was ignored.
Type  I <command> <return>  to replace it with another command,
or  <return>  to continue without it.

) (./tex/day_15.tex [28]) (./tex/day_16.tex) (./tex/day_17.tex [29]
! Undefined control sequence.
l.79         $f\circ g\congid
                             _Y$ and $g\circ f\cong id_X). Then,
The control sequence at the end of the top line
of your error message was never \def'ed. If you have
misspelled it (e.g., `\hobx'), type `I' and the correct
spelling (e.g., `I\hbox'). Otherwise just continue,
and I'll forget about whatever was undefined.


! LaTeX Error: Bad math environment delimiter.

See the LaTeX manual or LaTeX Companion for explanation.
Type  H <return>  for immediate help.
 ...                                              
                                                  
l.80         \[
               
Your command was ignored.
Type  I <command> <return>  to replace it with another command,
or  <return>  to continue without it.

! Missing \endgroup inserted.
<inserted text> 
                \endgroup 
l.82         \]
               
I've inserted something that you may have forgotten.
(See the <inserted text> above.)
With luck, this will get me unwedged. But if you
really didn't forget anything, try typing `2' now; then
my insertion and my current dilemma will both disappear.


! LaTeX Error: \begin{corollary} on input line 76 ended by \end{equation*}.

See the LaTeX manual or LaTeX Companion for explanation.
Type  H <return>  for immediate help.
 ...                                              
                                                  
l.82         \]
               
Your command was ignored.
Type  I <command> <return>  to replace it with another command,
or  <return>  to continue without it.

! Missing $ inserted.
<inserted text> 
                $
l.82         \]
               
I've inserted something that you may have forgotten.
(See the <inserted text> above.)
With luck, this will get me unwedged. But if you
really didn't forget anything, try typing `2' now; then
my insertion and my current dilemma will both disappear.

! Undefined control sequence.
<argument>  g\circ f \cong id_X\\ \xRightarrow 
                                               [\text {theorem}]\ (g\circ f)...
l.91             \end{align*}
                             
The control sequence at the end of the top line
of your error message was never \def'ed. If you have
misspelled it (e.g., `\hobx'), type `I' and the correct
spelling (e.g., `I\hbox'). Otherwise just continue,
and I'll forget about whatever was undefined.

! Undefined control sequence.
<argument>  g\circ f \cong id_X\\ \xRightarrow 
                                               [\text {theorem}]\ (g\circ f)...
l.91             \end{align*}
                             
The control sequence at the end of the top line
of your error message was never \def'ed. If you have
misspelled it (e.g., `\hobx'), type `I' and the correct
spelling (e.g., `I\hbox'). Otherwise just continue,
and I'll forget about whatever was undefined.

[30]

! LaTeX Error: \begin{align*} on input line 106 ended by \end{corollary}.

See the LaTeX manual or LaTeX Companion for explanation.
Type  H <return>  for immediate help.
 ...                                              
                                                  
l.109     \end{corollary}
                         
Your command was ignored.
Type  I <command> <return>  to replace it with another command,
or  <return>  to continue without it.


! LaTeX Error: \begin{proof} on input line 84 ended by \end{theorem}.

See the LaTeX manual or LaTeX Companion for explanation.
Type  H <return>  for immediate help.
 ...                                              
                                                  
l.110     \end{theorem}
                       
Your command was ignored.
Type  I <command> <return>  to replace it with another command,
or  <return>  to continue without it.

) [31] (./notes.aux)

LaTeX Font Warning: Some font shapes were not available, defaults substituted.

 ) 
Here is how much of TeX's memory you used:
 5139 strings out of 492616
 69021 string characters out of 6135177
 152180 words of memory out of 5000000
 8892 multiletter control sequences out of 15000+600000
 16690 words of font info for 45 fonts, out of 8000000 for 9000
 1141 hyphenation exceptions out of 8191
 41i,19n,43p,272b,565s stack positions out of 5000i,500n,10000p,200000b,80000s
{/usr/share/texmf-dist/fonts/enc/dvips/cm-super/cm-super-t1.enc}</usr/share/t
exmf-dist/fonts/type1/public/amsfonts/cm/cmex10.pfb></usr/share/texmf-dist/font
s/type1/public/amsfonts/cm/cmmi10.pfb></usr/share/texmf-dist/fonts/type1/public
/amsfonts/cm/cmmi6.pfb></usr/share/texmf-dist/fonts/type1/public/amsfonts/cm/cm
mi8.pfb></usr/share/texmf-dist/fonts/type1/public/amsfonts/cm/cmr10.pfb></usr/s
hare/texmf-dist/fonts/type1/public/amsfonts/cm/cmr6.pfb></usr/share/texmf-dist/
fonts/type1/public/amsfonts/cm/cmr8.pfb></usr/share/texmf-dist/fonts/type1/publ
ic/amsfonts/cm/cmsy10.pfb></usr/share/texmf-dist/fonts/type1/public/amsfonts/cm
/cmsy6.pfb></usr/share/texmf-dist/fonts/type1/public/amsfonts/cm/cmsy8.pfb></us
r/share/texmf-dist/fonts/type1/public/amsfonts/symbols/msam10.pfb></usr/share/t
exmf-dist/fonts/type1/public/amsfonts/symbols/msbm10.pfb></usr/share/texmf-dist
/fonts/type1/public/cm-super/sfsi1095.pfb></usr/share/texmf-dist/fonts/type1/pu
blic/cm-super/sfss0800.pfb></usr/share/texmf-dist/fonts/type1/public/cm-super/s
fss1095.pfb></usr/share/texmf-dist/fonts/type1/public/cm-super/sfsx1095.pfb></u
sr/share/texmf-dist/fonts/type1/public/cm-super/sfsx1200.pfb></usr/share/texmf-
dist/fonts/type1/public/cm-super/sfsx1440.pfb>
Output written on notes.pdf (31 pages, 471348 bytes).
PDF statistics:
 203 PDF objects out of 1000 (max. 8388607)
 126 compressed objects within 2 object streams
 0 named destinations out of 1000 (max. 500000)
 61 words of extra memory for PDF output out of 10000 (max. 10000000)

